4028
0 0 11 0
0 1 11 1
0 2 11 2
0 3 11 3
0 4 11 4
0 5 11 5
0 6 11 6
0 7 11 7
0 8 11 8
0 9 0 20
0 21 11 21
0 22 11 22
0 23 11 23
0 24 11 24
0 25 11 25
0 26 11 26
0 27 11 27
0 28 11 28
0 29 11 29
0 30 11 30
0 31 11 31
0 32 0 43
0 44 11 44
0 45 11 45
0 46 11 46
0 47 11 47
0 48 11 48
0 49 11 49
0 50 11 50
0 51 11 51
0 52 11 52
0 53 11 53
0 54 11 54
0 55 11 55
0 56 11 56
0 57 11 57
0 58 11 58
0 59 11 59
0 60 11 60
0 61 11 61
0 62 11 62
0 63 11 63
0 64 11 64
0 65 11 65
0 66 11 66
0 67 11 67
0 68 11 68
0 69 11 69
0 70 0 81
0 82 11 82
0 83 11 83
0 84 11 84
0 85 11 85
0 86 0 97
0 98 11 98
0 99 11 99
0 100 11 100
0 101 11 101
0 102 11 102
0 103 11 103
0 104 11 104
0 105 11 105
0 106 11 106
0 107 11 107
0 108 11 108
0 109 11 109
0 110 0 121
0 122 11 122
0 123 11 123
0 124 11 124
0 125 11 125
0 126 11 126
0 127 11 127
0 128 11 128
0 129 11 129
0 130 11 130
0 131 11 131
0 132 11 132
0 133 11 133
0 134 11 134
0 135 11 135
0 136 11 136
0 137 11 137
0 138 11 138
0 139 11 139
0 140 11 140
0 141 11 141
0 142 11 142
0 143 11 143
0 144 11 144
0 145 11 145
0 146 11 146
0 147 0 158
0 159 11 159
0 160 11 160
0 161 11 161
0 162 11 162
0 163 11 163
0 164 11 164
0 165 11 165
0 166 11 166
0 167 11 167
0 168 11 168
0 169 11 169
0 170 11 170
0 171 11 171
0 172 11 172
0 173 11 173
0 174 11 174
0 175 11 175
0 176 11 176
0 177 11 177
0 178 11 178
0 179 11 179
0 180 0 191
0 192 11 192
0 193 11 193
0 194 11 194
0 195 11 195
0 196 11 196
0 197 11 197
0 198 11 198
0 199 11 199
0 200 11 200
0 201 11 201
0 202 11 202
0 203 11 203
0 204 11 204
0 205 11 205
0 206 11 206
0 207 11 207
0 208 11 208
0 209 11 209
0 210 0 221
0 222 11 222
0 223 11 223
0 224 11 224
0 225 11 225
0 226 11 226
0 227 11 227
0 228 11 228
0 229 11 229
0 230 0 241
0 242 11 242
0 243 11 243
0 244 11 244
0 245 11 245
0 246 11 246
0 247 11 247
0 248 11 248
0 249 11 249
1 9 6 10
1 11 12 11
1 12 6 13
1 14 12 14
1 15 12 15
1 16 12 16
1 17 6 18
1 19 12 19
1 20 12 20
1 32 1 43
1 71 12 71
1 72 12 72
1 73 12 73
1 74 12 74
1 75 12 75
1 76 12 76
1 77 12 77
1 78 12 78
1 79 6 80
1 81 12 81
1 86 1 97
1 110 1 121
1 147 1 158
1 180 1 191
1 210 12 210
1 211 2 216
1 217 12 217
1 218 12 218
1 219 12 219
1 220 12 220
1 221 12 221
1 230 12 230
1 231 12 231
1 232 12 232
1 233 12 233
1 234 12 234
1 235 12 235
1 236 12 236
1 237 12 237
1 238 4 240
1 241 12 241
2 32 13 32
2 33 13 33
2 34 13 34
2 35 13 35
2 36 13 36
2 37 13 37
2 38 13 38
2 39 13 39
2 40 13 40
2 41 13 41
2 42 13 42
2 43 13 43
2 86 13 86
2 87 13 87
2 88 13 88
2 89 13 89
2 90 7 91
2 92 13 92
2 93 7 94
2 95 7 96
2 97 13 97
2 110 2 121
2 147 2 158
2 180 2 191
3 110 3 121
3 147 14 147
3 148 14 148
3 149 14 149
3 150 14 150
3 151 14 151
3 152 14 152
3 153 14 153
3 154 14 154
3 155 14 155
3 156 14 156
3 157 14 157
3 158 14 158
3 180 14 180
3 181 14 181
3 182 14 182
3 183 14 183
3 184 14 184
3 185 14 185
3 186 14 186
3 187 14 187
3 188 8 189
3 190 14 190
3 191 14 191
3 211 4 216
4 110 4 121
5 110 16 110
5 111 16 111
5 112 16 112
5 113 16 113
5 114 16 114
5 115 16 115
5 116 16 116
5 117 16 117
5 118 16 118
5 119 16 119
5 120 16 120
5 121 16 121
5 211 16 211
5 212 16 212
5 213 16 213
5 214 16 214
5 215 16 215
5 238 10 239
5 240 16 240
7 9 18 9
7 10 18 10
7 12 18 12
7 13 18 13
7 17 18 17
7 18 18 18
7 70 18 70
7 79 18 79
7 80 18 80
7 216 18 216
8 90 19 90
8 91 19 91
8 93 11 95
8 96 19 96
9 188 20 188
9 189 20 189
11 238 22 238
11 239 22 239
12 0 23 0
12 1 23 1
12 2 23 2
12 3 23 3
12 4 13 8
12 21 17 22
12 23 23 23
12 24 23 24
12 25 23 25
12 26 23 26
12 27 23 27
12 28 23 28
12 29 17 30
12 44 23 44
12 45 12 56
12 57 23 57
12 58 23 58
12 59 23 59
12 60 23 60
12 61 23 61
12 62 23 62
12 63 23 63
12 64 23 64
12 65 23 65
12 66 23 66
12 67 23 67
12 68 23 68
12 69 23 69
12 82 23 82
12 84 23 84
12 85 23 85
12 93 23 93
12 94 23 94
12 98 23 98
12 99 23 99
12 100 23 100
12 101 23 101
12 102 23 102
12 103 14 106
12 107 23 107
12 108 23 108
12 109 23 109
12 122 23 122
12 123 23 123
12 124 23 124
12 125 23 125
12 126 23 126
12 127 23 127
12 128 23 128
12 129 12 140
12 141 23 141
12 142 17 143
12 144 23 144
12 145 23 145
12 146 23 146
12 159 23 159
12 160 23 160
12 161 23 161
12 162 12 173
12 174 23 174
12 175 23 175
12 176 17 177
12 178 23 178
12 179 23 179
12 192 23 192
12 193 23 193
12 194 23 194
12 195 23 195
12 196 23 196
12 197 23 197
12 198 23 198
12 199 23 199
12 200 23 200
12 201 17 202
12 203 23 203
12 204 23 204
12 205 17 206
12 207 23 207
12 208 23 208
12 209 23 209
12 222 23 222
12 223 23 223
12 224 23 224
12 225 23 225
12 227 17 228
12 229 23 229
12 242 23 242
12 243 23 243
12 244 23 244
12 245 23 245
12 246 23 246
12 247 23 247
12 248 23 248
12 249 23 249
13 11 24 11
13 14 18 15
13 19 24 19
13 20 24 20
13 45 13 56
13 71 24 71
13 72 18 73
13 74 24 74
13 76 24 76
13 77 24 77
13 81 24 81
13 95 24 95
13 129 13 140
13 162 24 162
13 163 24 163
13 164 24 164
13 165 24 165
13 166 24 166
13 167 18 168
13 169 24 169
13 170 24 170
13 171 24 171
13 172 24 172
13 173 24 173
13 210 24 210
13 217 24 217
13 218 24 218
13 219 24 219
13 220 18 221
13 230 24 230
13 231 14 236
13 237 24 237
13 241 24 241
14 4 25 4
14 5 25 5
14 6 25 6
14 7 19 8
14 16 25 16
14 31 14 42
14 43 25 43
14 45 14 56
14 83 25 83
14 86 25 86
14 87 25 87
14 88 25 88
14 89 25 89
14 92 25 92
14 97 25 97
14 129 14 140
15 31 26 31
15 32 26 32
15 33 26 33
15 34 26 34
15 35 26 35
15 36 26 36
15 37 26 37
15 38 26 38
15 39 26 39
15 40 26 40
15 41 26 41
15 42 26 42
15 45 15 56
15 78 26 78
15 103 26 103
15 104 26 104
15 105 26 105
15 106 26 106
15 129 26 129
15 130 20 131
15 132 26 132
15 133 26 133
15 134 20 135
15 136 26 136
15 137 20 138
15 139 26 139
15 140 26 140
15 147 15 158
15 180 26 180
15 181 26 181
15 182 26 182
15 183 26 183
15 184 26 184
15 185 26 185
15 186 26 186
15 187 26 187
15 190 26 190
15 191 26 191
15 232 26 232
15 233 26 233
15 234 26 234
15 235 26 235
15 236 26 236
16 45 16 56
16 75 27 75
16 147 27 147
16 148 27 148
16 149 27 149
16 150 27 150
16 151 27 151
16 152 27 152
16 153 27 153
16 154 21 155
16 156 27 156
16 157 27 157
16 158 27 158
17 45 17 56
17 110 28 110
17 111 28 111
17 112 28 112
17 113 28 113
17 114 28 114
17 115 28 115
17 116 22 117
17 118 28 118
17 119 28 119
17 120 28 120
17 121 28 121
17 211 28 211
17 212 28 212
17 213 28 213
17 214 22 215
17 240 28 240
18 21 23 22
18 30 29 30
18 45 18 56
18 142 29 142
18 143 29 143
18 176 29 176
18 201 29 201
18 202 29 202
18 205 29 205
18 206 29 206
18 226 21 228
19 9 30 9
19 10 30 10
19 12 30 12
19 13 30 13
19 17 30 17
19 18 30 18
19 45 30 45
19 46 30 46
19 47 30 47
19 48 30 48
19 49 30 49
19 50 24 51
19 52 30 52
19 53 30 53
19 54 30 54
19 55 24 56
19 73 30 73
19 79 30 79
19 167 30 167
19 168 30 168
19 177 30 177
19 216 30 216
19 220 30 220
19 221 30 221
20 7 31 7
20 8 31 8
20 14 25 15
20 70 31 70
20 72 31 72
20 80 31 80
20 90 25 91
20 96 31 96
20 231 31 231
21 130 32 130
21 135 32 135
21 137 32 137
21 138 32 138
21 188 32 188
21 189 32 189
22 154 33 154
22 155 33 155
22 226 33 226
22 227 33 227
22 228 33 228
23 117 34 117
23 214 34 214
23 215 34 215
23 238 34 238
23 239 34 239
24 0 35 0
24 1 35 1
24 3 35 3
24 21 35 21
24 22 29 23
24 24 35 24
24 25 35 25
24 26 35 26
24 27 35 27
24 28 35 28
24 44 35 44
24 57 35 57
24 58 35 58
24 59 35 59
24 60 35 60
24 61 35 61
24 62 35 62
24 63 35 63
24 64 35 64
24 65 35 65
24 66 35 66
24 67 35 67
24 68 35 68
24 69 35 69
24 82 35 82
24 84 35 84
24 85 35 85
24 93 35 93
24 94 35 94
24 98 35 98
24 99 35 99
24 100 35 100
24 101 35 101
24 102 35 102
24 107 35 107
24 108 35 108
24 109 35 109
24 116 35 116
24 122 29 123
24 124 29 125
24 126 35 126
24 127 35 127
24 128 35 128
24 141 35 141
24 144 35 144
24 145 35 145
24 146 35 146
24 159 35 159
24 161 35 161
24 174 35 174
24 178 35 178
24 179 35 179
24 192 35 192
24 193 35 193
24 194 29 195
24 196 29 197
24 198 35 198
24 199 29 200
24 203 35 203
24 207 35 207
24 208 29 209
24 222 29 223
24 224 35 224
24 225 35 225
24 229 35 229
24 242 35 242
24 243 35 243
24 244 35 244
24 245 35 245
24 246 35 246
24 247 29 248
24 249 35 249
25 11 36 11
25 20 36 20
25 50 36 50
25 55 36 55
25 56 36 56
25 71 36 71
25 74 36 74
25 76 36 76
25 77 36 77
25 95 36 95
25 134 36 134
25 162 36 162
25 163 36 163
25 164 36 164
25 165 36 165
25 166 36 166
25 169 30 170
25 171 36 171
25 172 36 172
25 173 36 173
25 210 36 210
25 217 36 217
25 218 36 218
25 219 36 219
25 230 36 230
25 237 36 237
25 241 36 241
26 2 37 2
26 4 31 5
26 6 37 6
26 14 29 16
26 19 37 19
26 43 37 43
26 83 37 83
26 86 31 87
26 88 37 88
26 89 37 89
26 90 31 91
26 92 37 92
26 97 37 97
27 31 38 31
27 32 38 32
27 33 38 33
27 34 38 34
27 35 32 36
27 37 38 37
27 38 38 38
27 39 38 39
27 40 38 40
27 41 38 41
27 42 38 42
27 78 38 78
27 103 38 103
27 104 38 104
27 106 38 106
27 131 38 131
27 132 32 133
27 136 38 136
27 139 38 139
27 180 38 180
27 181 38 181
27 182 38 182
27 183 38 183
27 184 38 184
27 185 38 185
27 186 38 186
27 187 38 187
27 190 38 190
27 191 38 191
27 232 38 232
27 233 38 233
27 234 38 234
27 235 38 235
28 29 39 29
28 51 39 51
28 75 39 75
28 129 39 129
28 140 39 140
28 147 39 147
28 148 39 148
28 149 39 149
28 150 39 150
28 151 39 151
28 152 39 152
28 156 33 157
28 160 39 160
28 204 39 204
28 236 39 236
29 110 34 111
29 112 40 112
29 113 34 114
29 118 40 118
29 119 40 119
29 120 40 120
29 121 40 121
29 158 40 158
29 211 40 211
29 212 40 212
29 213 40 213
29 240 40 240
30 14 41 14
30 15 41 15
30 16 41 16
30 22 41 22
30 23 41 23
30 30 41 30
30 115 41 115
30 122 41 122
30 123 41 123
30 124 41 124
30 125 41 125
30 142 41 142
30 143 41 143
30 176 41 176
30 194 41 194
30 195 33 197
30 199 33 201
30 202 41 202
30 205 41 205
30 206 41 206
30 208 41 208
30 209 41 209
30 222 41 222
30 223 41 223
30 247 41 247
30 248 41 248
31 9 42 9
31 10 42 10
31 12 42 12
31 13 42 13
31 17 42 17
31 18 42 18
31 45 34 47
31 48 42 48
31 49 42 49
31 52 42 52
31 53 36 54
31 79 42 79
31 105 42 105
31 167 42 167
31 168 36 169
31 170 42 170
31 177 42 177
31 216 42 216
31 220 42 220
31 221 42 221
32 4 37 5
32 7 43 7
32 8 43 8
32 72 43 72
32 80 43 80
32 81 43 81
32 86 43 86
32 87 43 87
32 91 43 91
32 96 43 96
32 231 43 231
33 35 44 35
33 36 44 36
33 130 44 130
33 132 38 133
33 135 44 135
33 137 44 137
33 138 44 138
33 188 38 189
34 70 45 70
34 73 45 73
34 153 37 155
34 156 45 156
34 157 45 157
34 195 39 196
34 197 45 197
34 200 45 200
34 201 45 201
34 226 45 226
34 227 45 227
34 228 45 228
35 46 40 47
35 110 46 110
35 111 46 111
35 114 46 114
35 117 46 117
35 199 46 199
35 214 46 214
35 215 46 215
35 238 46 238
35 239 46 239
36 1 47 1
36 3 47 3
36 24 47 24
36 25 47 25
36 26 47 26
36 27 47 27
36 28 47 28
36 44 47 44
36 57 47 57
36 58 47 58
36 59 47 59
36 60 47 60
36 61 47 61
36 62 47 62
36 63 47 63
36 64 47 64
36 65 47 65
36 66 41 67
36 68 47 68
36 69 47 69
36 84 47 84
36 85 47 85
36 90 47 90
36 93 47 93
36 94 47 94
36 98 47 98
36 99 47 99
36 100 41 101
36 102 47 102
36 107 47 107
36 108 47 108
36 109 47 109
36 116 47 116
36 126 47 126
36 127 47 127
36 128 47 128
36 141 47 141
36 144 47 144
36 145 47 145
36 161 47 161
36 174 47 174
36 178 41 179
36 192 47 192
36 193 47 193
36 198 47 198
36 203 47 203
36 207 47 207
36 224 47 224
36 229 47 229
36 242 47 242
36 243 47 243
36 244 47 244
36 245 47 245
36 246 47 246
36 249 47 249
37 11 48 11
37 20 48 20
37 21 48 21
37 45 48 45
37 53 48 53
37 54 48 54
37 55 48 55
37 71 48 71
37 74 48 74
37 76 48 76
37 77 48 77
37 82 48 82
37 113 48 113
37 134 48 134
37 146 48 146
37 162 48 162
37 163 48 163
37 164 48 164
37 165 48 165
37 166 48 166
37 168 48 168
37 169 48 169
37 171 48 171
37 172 48 172
37 173 48 173
37 210 48 210
37 217 48 217
37 218 48 218
37 219 48 219
37 225 48 225
37 230 48 230
37 237 48 237
37 241 48 241
38 2 49 2
38 4 43 5
38 6 49 6
38 43 49 43
38 50 49 50
38 83 49 83
38 88 49 88
38 89 49 89
38 92 49 92
38 153 43 154
38 155 49 155
38 159 49 159
39 31 50 31
39 32 50 32
39 33 50 33
39 34 50 34
39 37 50 37
39 38 50 38
39 39 50 39
39 40 50 40
39 41 50 41
39 42 50 42
39 78 50 78
39 95 50 95
39 103 50 103
39 104 50 104
39 106 50 106
39 131 50 131
39 132 44 133
39 136 50 136
39 139 50 139
39 180 50 180
39 181 50 181
39 182 50 182
39 183 44 184
39 185 44 186
39 187 50 187
39 188 50 188
39 189 50 189
39 190 50 190
39 191 50 191
39 232 50 232
39 233 50 233
39 234 50 234
39 235 50 235
40 29 51 29
40 51 51 51
40 75 51 75
40 129 51 129
40 140 51 140
40 147 51 147
40 148 51 148
40 149 43 151
40 152 51 152
40 160 51 160
40 195 51 195
40 196 51 196
40 204 51 204
40 236 51 236
41 46 52 46
41 47 52 47
41 112 52 112
41 118 43 121
41 158 52 158
41 211 52 211
41 212 52 212
41 213 52 213
41 240 52 240
42 0 53 0
42 14 53 14
42 15 53 15
42 16 53 16
42 22 53 22
42 30 53 30
42 66 53 66
42 67 53 67
42 100 47 101
42 115 53 115
42 122 53 122
42 123 53 123
42 124 53 124
42 125 53 125
42 142 53 142
42 175 47 176
42 178 53 178
42 179 53 179
42 194 53 194
42 205 53 205
42 206 53 206
42 208 53 208
42 209 53 209
42 222 53 222
42 223 53 223
42 247 53 247
42 248 53 248
43 9 54 9
43 12 54 12
43 13 54 13
43 17 54 17
43 18 54 18
43 48 54 48
43 49 54 49
43 52 54 52
43 79 54 79
43 97 54 97
43 105 54 105
43 167 54 167
43 170 54 170
43 177 54 177
43 216 54 216
43 220 54 220
43 221 54 221
44 4 55 4
44 5 55 5
44 7 55 7
44 8 55 8
44 72 55 72
44 80 55 80
44 81 55 81
44 86 55 86
44 87 55 87
44 91 55 91
44 96 55 96
44 118 55 118
44 119 55 119
44 120 55 120
44 121 55 121
44 149 55 149
44 150 55 150
44 151 55 151
44 154 55 154
44 231 55 231
45 35 56 35
45 36 56 36
45 130 56 130
45 132 50 133
45 137 56 137
45 138 56 138
45 143 56 143
45 153 56 153
45 183 56 183
45 184 56 184
45 185 56 185
45 186 56 186
45 202 56 202
46 19 57 19
46 23 57 23
46 70 57 70
46 73 57 73
46 135 57 135
46 156 51 157
46 200 57 200
46 201 57 201
46 226 57 226
46 227 57 227
47 56 58 56
47 110 58 110
47 111 58 111
47 114 58 114
47 117 58 117
47 199 58 199
47 214 58 214
47 215 58 215
47 238 58 238
47 239 58 239
48 1 59 1
48 3 59 3
48 10 59 10
48 24 59 24
48 25 59 25
48 26 59 26
48 27 59 27
48 28 59 28
48 44 59 44
48 57 59 57
48 58 53 59
48 60 59 60
48 61 59 61
48 62 59 62
48 63 59 63
48 64 59 64
48 65 59 65
48 68 59 68
48 69 59 69
48 84 59 84
48 85 59 85
48 90 59 90
48 93 59 93
48 94 59 94
48 98 59 98
48 99 59 99
48 100 59 100
48 101 59 101
48 107 59 107
48 108 59 108
48 109 59 109
48 116 59 116
48 126 53 127
48 128 59 128
48 141 59 141
48 144 59 144
48 145 59 145
48 161 59 161
48 174 59 174
48 176 59 176
48 192 59 192
48 193 59 193
48 197 59 197
48 198 59 198
48 203 59 203
48 224 59 224
48 228 53 229
48 242 59 242
48 243 53 244
48 245 53 246
48 249 59 249
49 11 60 11
49 20 60 20
49 21 60 21
49 53 60 53
49 54 60 54
49 55 60 55
49 71 60 71
49 74 60 74
49 76 60 76
49 77 60 77
49 113 60 113
49 134 60 134
49 162 60 162
49 163 60 163
49 164 60 164
49 165 60 165
49 166 60 166
49 168 60 168
49 169 60 169
49 171 60 171
49 172 60 172
49 173 60 173
49 217 60 217
49 218 54 219
49 225 60 225
49 230 60 230
49 241 60 241
50 2 61 2
50 6 61 6
50 43 61 43
50 50 61 50
50 82 61 82
50 88 61 88
50 102 61 102
50 155 61 155
50 207 61 207
51 31 62 31
51 32 62 32
51 33 62 33
51 34 62 34
51 37 62 37
51 38 62 38
51 39 56 40
51 41 62 41
51 45 62 45
51 78 62 78
51 89 62 89
51 95 62 95
51 103 62 103
51 104 62 104
51 106 62 106
51 131 62 131
51 133 62 133
51 136 62 136
51 146 62 146
51 180 62 180
51 181 62 181
51 182 62 182
51 187 56 188
51 189 62 189
51 190 56 191
51 210 62 210
51 232 62 232
51 233 62 233
51 234 62 234
51 235 62 235
51 237 62 237
52 29 63 29
52 51 63 51
52 75 63 75
52 129 63 129
52 139 63 139
52 140 63 140
52 147 63 147
52 148 63 148
52 156 57 157
52 159 57 160
52 175 63 175
52 195 63 195
52 196 63 196
52 204 63 204
53 46 64 46
53 47 64 47
53 112 64 112
53 158 64 158
53 211 64 211
53 212 64 212
53 213 64 213
54 0 65 0
54 14 65 14
54 15 65 15
54 16 65 16
54 22 65 22
54 30 65 30
54 58 65 58
54 66 65 66
54 67 65 67
54 83 65 83
54 115 65 115
54 122 65 122
54 123 59 124
54 125 65 125
54 126 65 126
54 127 65 127
54 178 65 178
54 179 65 179
54 194 65 194
54 205 65 205
54 206 65 206
54 208 65 208
54 209 65 209
54 222 65 222
54 223 65 223
54 228 59 229
54 240 65 240
54 243 59 244
54 245 57 247
54 248 65 248
55 9 66 9
55 12 66 12
55 17 66 17
55 48 66 48
55 49 66 49
55 52 66 52
55 105 66 105
55 142 66 142
55 152 66 152
55 167 66 167
55 177 66 177
55 218 66 218
55 219 66 219
55 220 66 220
55 221 66 221
56 4 67 4
56 5 67 5
56 7 67 7
56 8 67 8
56 42 67 42
56 72 67 72
56 79 61 80
56 81 67 81
56 86 67 86
56 87 67 87
56 91 67 91
56 92 67 92
56 96 67 96
56 97 67 97
56 118 67 118
56 119 67 119
56 120 67 120
56 132 67 132
56 149 67 149
56 150 67 150
56 151 67 151
56 154 67 154
56 216 67 216
57 13 68 13
57 18 68 18
57 35 62 36
57 39 68 39
57 40 68 40
57 121 68 121
57 130 68 130
57 137 68 137
57 138 68 138
57 143 68 143
57 153 68 153
57 183 68 183
57 184 68 184
57 185 68 185
57 186 68 186
57 187 62 188
57 190 68 190
57 191 68 191
57 202 68 202
57 231 68 231
58 19 69 19
58 23 69 23
58 59 69 59
58 70 69 70
58 73 69 73
58 135 69 135
58 156 69 156
58 157 69 157
58 159 69 159
58 160 69 160
58 200 69 200
58 201 69 201
58 226 69 226
58 227 69 227
58 245 69 245
58 246 69 246
58 247 69 247
59 56 70 56
59 110 70 110
59 111 70 111
59 114 70 114
59 117 70 117
59 199 70 199
59 214 70 214
59 238 70 238
59 239 70 239
60 1 71 1
60 3 71 3
60 24 71 24
60 25 71 25
60 26 71 26
60 27 71 27
60 28 71 28
60 44 71 44
60 57 71 57
60 60 65 61
60 62 71 62
60 63 71 63
60 65 71 65
60 68 71 68
60 69 71 69
60 84 65 85
60 90 71 90
60 93 71 93
60 94 71 94
60 98 71 98
60 99 71 99
60 100 65 101
60 107 71 107
60 108 71 108
60 109 71 109
60 123 71 123
60 124 71 124
60 141 71 141
60 144 71 144
60 145 71 145
60 161 71 161
60 174 71 174
60 176 71 176
60 192 65 193
60 197 71 197
60 198 71 198
60 203 71 203
60 215 71 215
60 224 71 224
60 229 71 229
60 242 71 242
60 243 71 243
60 244 71 244
60 249 71 249
61 10 66 11
61 20 72 20
61 53 66 54
61 55 72 55
61 64 72 64
61 71 72 71
61 74 72 74
61 76 72 76
61 113 72 113
61 134 72 134
61 162 72 162
61 163 72 163
61 164 72 164
61 165 72 165
61 166 72 166
61 168 72 168
61 169 72 169
61 171 72 171
61 172 72 172
61 173 72 173
61 217 72 217
61 225 72 225
61 230 72 230
61 241 72 241
62 2 73 2
62 50 73 50
62 79 73 79
62 80 73 80
62 82 73 82
62 88 73 88
62 102 73 102
62 116 73 116
62 155 73 155
62 207 73 207
62 228 73 228
63 31 74 31
63 32 74 32
63 33 74 33
63 34 74 34
63 35 74 35
63 36 74 36
63 37 74 37
63 38 74 38
63 45 74 45
63 77 68 78
63 89 74 89
63 95 74 95
63 103 74 103
63 106 74 106
63 128 74 128
63 131 74 131
63 133 74 133
63 136 74 136
63 146 74 146
63 180 74 180
63 181 74 181
63 187 74 187
63 188 68 189
63 210 74 210
63 232 68 233
63 234 74 234
63 235 74 235
64 29 75 29
64 41 75 41
64 51 75 51
64 75 75 75
64 129 75 129
64 139 75 139
64 140 75 140
64 147 75 147
64 148 75 148
64 175 75 175
64 195 75 195
64 196 75 196
64 204 75 204
64 237 75 237
65 46 76 46
65 47 76 47
65 112 76 112
65 158 76 158
65 211 76 211
65 212 76 212
65 213 76 213
66 0 77 0
66 6 77 6
66 14 77 14
66 15 77 15
66 16 77 16
66 21 77 21
66 60 71 61
66 66 77 66
66 67 77 67
66 83 77 83
66 84 77 84
66 85 77 85
66 100 77 100
66 101 77 101
66 115 77 115
66 122 77 122
66 125 77 125
66 126 77 126
66 127 77 127
66 178 77 178
66 179 77 179
66 192 77 192
66 193 77 193
66 194 77 194
66 205 77 205
66 206 77 206
66 208 77 208
66 209 77 209
66 222 77 222
66 223 77 223
66 248 77 248
67 9 78 9
67 10 78 10
67 11 78 11
67 12 78 12
67 17 78 17
67 48 78 48
67 49 78 49
67 52 78 52
67 53 78 53
67 54 78 54
67 58 78 58
67 104 78 104
67 142 78 142
67 152 78 152
67 167 78 167
67 170 78 170
67 177 78 177
67 218 78 218
67 219 78 219
67 220 78 220
67 236 78 236
68 4 79 4
68 5 79 5
68 7 79 7
68 8 79 8
68 42 79 42
68 72 79 72
68 81 79 81
68 86 79 86
68 87 79 87
68 91 79 91
68 92 79 92
68 96 79 96
68 97 79 97
68 105 79 105
68 118 79 118
68 119 79 119
68 120 79 120
68 132 79 132
68 149 79 149
68 151 79 151
68 154 79 154
68 216 79 216
68 240 79 240
69 18 80 18
69 30 80 30
69 39 80 39
69 40 80 40
69 77 80 77
69 78 80 78
69 121 80 121
69 130 80 130
69 137 80 137
69 138 80 138
69 143 80 143
69 153 80 153
69 183 80 183
69 184 80 184
69 185 74 186
69 188 80 188
69 190 80 190
69 191 80 191
69 202 80 202
69 231 80 231
69 232 80 232
69 233 80 233
70 22 81 22
70 23 81 23
70 59 81 59
70 73 81 73
70 150 81 150
70 156 81 156
70 157 81 157
70 159 81 159
70 160 81 160
70 189 81 189
70 200 81 200
70 226 81 226
70 227 81 227
70 245 81 245
70 246 81 246
70 247 81 247
71 13 82 13
71 43 82 43
71 56 82 56
71 111 82 111
71 114 82 114
71 214 82 214
71 238 82 238
72 1 83 1
72 3 83 3
72 24 83 24
72 25 83 25
72 28 83 28
72 44 83 44
72 57 83 57
72 60 83 60
72 61 83 61
72 62 83 62
72 63 83 63
72 65 83 65
72 68 83 68
72 69 83 69
72 90 83 90
72 93 83 93
72 94 83 94
72 98 83 98
72 99 83 99
72 107 83 107
72 108 77 109
72 123 83 123
72 124 83 124
72 135 83 135
72 141 83 141
72 144 83 144
72 145 83 145
72 161 83 161
72 174 83 174
72 176 83 176
72 197 83 197
72 198 83 198
72 203 83 203
72 215 83 215
72 224 83 224
72 229 83 229
72 242 77 243
72 244 83 244
72 249 83 249
73 19 78 20
73 55 84 55
73 64 84 64
73 71 84 71
73 74 84 74
73 113 84 113
73 134 84 134
73 162 84 162
73 163 84 163
73 164 84 164
73 165 84 165
73 166 84 166
73 168 84 168
73 169 84 169
73 171 84 171
73 172 84 172
73 173 84 173
73 217 84 217
73 225 84 225
73 230 84 230
74 26 85 26
74 27 85 27
74 50 85 50
74 79 85 79
74 80 85 80
74 82 85 82
74 88 85 88
74 102 85 102
74 116 85 116
74 201 85 201
74 207 85 207
74 228 85 228
75 31 86 31
75 32 80 33
75 34 86 34
75 35 86 35
75 36 86 36
75 37 86 37
75 38 86 38
75 89 86 89
75 103 86 103
75 106 86 106
75 110 86 110
75 128 86 128
75 131 86 131
75 133 86 133
75 136 86 136
75 180 86 180
75 181 86 181
75 185 86 185
75 186 80 187
75 210 86 210
75 234 86 234
75 235 86 235
75 239 86 239
76 2 87 2
76 29 87 29
76 41 87 41
76 51 87 51
76 75 87 75
76 129 87 129
76 139 81 140
76 146 87 146
76 147 87 147
76 148 87 148
76 155 87 155
76 175 87 175
76 204 87 204
76 221 87 221
76 237 87 237
77 45 82 46
77 47 88 47
77 112 88 112
77 158 88 158
77 211 82 212
77 213 88 213
78 0 89 0
78 6 89 6
78 14 89 14
78 15 83 16
78 21 89 21
78 66 89 66
78 83 89 83
78 84 89 84
78 85 89 85
78 101 89 101
78 108 89 108
78 109 89 109
78 115 89 115
78 122 89 122
78 125 89 125
78 126 89 126
78 127 89 127
78 178 89 178
78 179 89 179
78 192 89 192
78 193 89 193
78 199 89 199
78 205 89 205
78 206 89 206
78 208 89 208
78 209 89 209
78 222 89 222
78 223 89 223
78 241 89 241
78 242 89 242
78 248 89 248
79 9 90 9
79 10 84 11
79 17 90 17
79 19 90 19
79 20 90 20
79 48 90 48
79 49 90 49
79 52 90 52
79 53 90 53
79 54 90 54
79 58 90 58
79 76 90 76
79 100 90 100
79 104 90 104
79 117 90 117
79 142 90 142
79 152 90 152
79 167 90 167
79 170 90 170
79 177 90 177
79 218 90 218
79 219 90 219
79 220 90 220
79 236 90 236
80 4 91 4
80 5 91 5
80 7 91 7
80 8 91 8
80 42 91 42
80 70 91 70
80 72 91 72
80 81 91 81
80 86 85 87
80 91 91 91
80 92 91 92
80 95 91 95
80 96 91 96
80 97 91 97
80 105 91 105
80 118 91 118
80 119 91 119
80 132 91 132
80 149 91 149
80 151 91 151
80 154 91 154
80 216 91 216
80 240 91 240
81 18 92 18
81 30 92 30
81 33 92 33
81 39 92 39
81 40 92 40
81 67 92 67
81 77 86 78
81 121 92 121
81 130 92 130
81 137 92 137
81 138 92 138
81 143 92 143
81 153 92 153
81 182 92 182
81 183 86 184
81 186 92 186
81 187 92 187
81 190 92 190
81 191 92 191
81 194 92 194
81 202 92 202
81 231 92 231
81 232 92 232
82 22 93 22
82 23 93 23
82 59 93 59
82 73 93 73
82 139 87 140
82 150 93 150
82 156 93 156
82 157 93 157
82 159 93 159
82 188 93 188
82 189 93 189
82 200 93 200
82 226 93 226
82 227 93 227
82 233 93 233
82 245 93 245
82 246 87 247
83 12 94 12
83 46 94 46
83 56 94 56
83 111 94 111
83 114 94 114
83 195 94 195
83 211 88 212
83 214 94 214
83 238 94 238
83 243 94 243
84 1 95 1
84 15 89 16
84 24 95 24
84 25 95 25
84 28 95 28
84 43 89 44
84 45 95 45
84 57 95 57
84 60 95 60
84 61 95 61
84 62 95 62
84 63 95 63
84 65 95 65
84 69 95 69
84 90 95 90
84 93 95 93
84 94 95 94
84 98 95 98
84 107 95 107
84 123 95 123
84 124 95 124
84 135 95 135
84 141 95 141
84 144 95 144
84 145 95 145
84 160 95 160
84 161 95 161
84 174 95 174
84 176 95 176
84 196 87 198
84 203 95 203
84 224 95 224
84 229 95 229
84 244 95 244
85 10 96 10
85 13 96 13
85 64 96 64
85 71 96 71
85 74 96 74
85 99 96 99
85 113 96 113
85 120 96 120
85 134 96 134
85 162 96 162
85 163 96 163
85 164 96 164
85 165 96 165
85 166 96 166
85 168 96 168
85 169 96 169
85 171 96 171
85 172 96 172
85 173 96 173
85 217 96 217
85 225 96 225
85 230 96 230
86 11 97 11
86 26 97 26
86 27 97 27
86 50 97 50
86 55 97 55
86 79 91 80
86 82 97 82
86 86 97 86
86 87 97 87
86 88 97 88
86 102 97 102
86 116 97 116
86 201 97 201
86 228 97 228
86 249 97 249
87 3 98 3
87 31 98 31
87 32 98 32
87 34 98 34
87 35 98 35
87 36 98 36
87 37 98 37
87 77 98 77
87 78 98 78
87 89 98 89
87 103 98 103
87 106 98 106
87 128 98 128
87 131 98 131
87 133 98 133
87 136 98 136
87 180 98 180
87 181 98 181
87 183 92 184
87 185 98 185
87 210 98 210
87 234 98 234
87 235 98 235
87 239 98 239
88 2 99 2
88 29 99 29
88 41 99 41
88 51 99 51
88 75 99 75
88 129 99 129
88 139 99 139
88 140 99 140
88 147 99 147
88 148 99 148
88 155 99 155
88 196 91 198
88 207 99 207
88 221 99 221
88 237 99 237
88 246 99 246
88 247 99 247
89 47 100 47
89 112 100 112
89 158 100 158
89 211 100 211
89 212 100 212
89 213 100 213
90 6 101 6
90 14 101 14
90 15 101 15
90 16 101 16
90 66 101 66
90 68 101 68
90 83 101 83
90 84 101 84
90 85 101 85
90 108 101 108
90 109 101 109
90 115 101 115
90 122 101 122
90 125 101 125
90 126 95 127
90 178 101 178
90 192 101 192
90 193 101 193
90 199 101 199
90 204 101 204
90 205 101 205
90 206 101 206
90 208 101 208
90 209 101 209
90 222 101 222
90 241 101 241
90 242 101 242
90 248 101 248
91 9 102 9
91 17 102 17
91 19 102 19
91 20 96 21
91 48 102 48
91 49 102 49
91 52 102 52
91 53 102 53
91 54 102 54
91 76 102 76
91 100 102 100
91 104 102 104
91 117 102 117
91 142 102 142
91 152 102 152
91 167 102 167
91 170 102 170
91 175 102 175
91 177 102 177
91 179 102 179
91 215 102 215
91 218 102 218
91 219 102 219
91 223 102 223
91 236 102 236
92 4 103 4
92 5 103 5
92 7 97 8
92 38 103 38
92 42 103 42
92 43 103 43
92 70 103 70
92 72 103 72
92 79 103 79
92 80 103 80
92 91 103 91
92 92 103 92
92 95 103 95
92 96 103 96
92 97 103 97
92 101 103 101
92 105 103 105
92 118 103 118
92 119 103 119
92 132 103 132
92 146 103 146
92 149 103 149
92 151 103 151
92 154 103 154
92 196 103 196
92 197 103 197
92 198 103 198
92 216 103 216
92 240 103 240
93 30 104 30
93 33 104 33
93 39 104 39
93 40 104 40
93 44 104 44
93 67 104 67
93 130 104 130
93 137 104 137
93 138 104 138
93 143 104 143
93 153 104 153
93 182 104 182
93 183 104 183
93 184 104 184
93 186 104 186
93 187 104 187
93 190 104 190
93 191 104 191
93 194 104 194
93 202 104 202
93 231 104 231
93 232 104 232
94 22 105 22
94 23 105 23
94 58 105 58
94 59 105 59
94 73 105 73
94 156 99 157
94 159 105 159
94 188 105 188
94 189 105 189
94 200 105 200
94 220 105 220
94 226 105 226
94 227 105 227
94 233 105 233
94 245 105 245
95 12 106 12
95 46 106 46
95 56 106 56
95 110 106 110
95 111 106 111
95 150 106 150
95 195 106 195
95 214 106 214
95 243 106 243
96 0 101 1
96 25 107 25
96 45 107 45
96 57 107 57
96 60 107 60
96 61 107 61
96 62 107 62
96 63 107 63
96 65 107 65
96 69 107 69
96 90 107 90
96 93 107 93
96 94 107 94
96 107 107 107
96 123 107 123
96 126 107 126
96 127 107 127
96 135 107 135
96 141 107 141
96 144 107 144
96 145 107 145
96 160 107 160
96 161 107 161
96 174 107 174
96 176 107 176
96 203 107 203
96 224 107 224
96 238 107 238
96 244 107 244
97 13 108 13
97 20 108 20
97 64 108 64
97 71 108 71
97 74 108 74
97 113 102 114
97 120 102 121
97 124 108 124
97 134 108 134
97 162 108 162
97 163 102 164
97 165 108 165
97 166 108 166
97 168 108 168
97 169 108 169
97 171 108 171
97 172 108 172
97 225 108 225
97 229 102 230
98 7 109 7
98 8 109 8
98 10 103 11
98 24 109 24
98 26 109 26
98 27 109 27
98 50 109 50
98 81 103 82
98 86 109 86
98 87 109 87
98 88 109 88
98 98 103 99
98 102 109 102
98 116 109 116
98 201 109 201
98 228 109 228
99 3 110 3
99 31 110 31
99 32 110 32
99 34 110 34
99 35 110 35
99 36 110 36
99 37 110 37
99 55 110 55
99 77 110 77
99 78 110 78
99 89 110 89
99 103 110 103
99 106 110 106
99 128 110 128
99 131 110 131
99 133 110 133
99 136 110 136
99 180 110 180
99 181 110 181
99 185 110 185
99 234 110 234
99 235 110 235
99 239 110 239
100 2 111 2
100 28 111 28
100 41 111 41
100 51 111 51
100 75 111 75
100 129 111 129
100 139 105 140
100 147 111 147
100 155 105 156
100 157 111 157
100 173 111 173
100 207 111 207
100 237 111 237
100 247 111 247
101 21 112 21
101 112 112 112
101 158 112 158
101 210 106 211
101 212 112 212
101 246 112 246
102 0 113 0
102 1 113 1
102 6 113 6
102 14 113 14
102 15 107 16
102 66 113 66
102 68 113 68
102 83 113 83
102 84 113 84
102 108 113 108
102 109 113 109
102 115 113 115
102 122 113 122
102 125 113 125
102 192 113 192
102 193 113 193
102 199 113 199
102 204 113 204
102 205 113 205
102 206 113 206
102 208 113 208
102 209 113 209
102 217 113 217
102 221 113 221
102 222 113 222
102 241 113 241
102 242 113 242
102 248 113 248
103 9 114 9
103 17 114 17
103 18 108 19
103 47 108 48
103 52 114 52
103 53 114 53
103 54 114 54
103 76 114 76
103 85 114 85
103 100 114 100
103 104 114 104
103 113 114 113
103 114 114 114
103 117 114 117
103 120 114 120
103 121 114 121
103 142 114 142
103 152 114 152
103 163 114 163
103 164 114 164
103 167 114 167
103 170 114 170
103 177 114 177
103 179 114 179
103 215 114 215
103 218 114 218
103 223 114 223
103 229 114 229
103 230 114 230
103 236 114 236
104 4 115 4
104 5 115 5
104 11 115 11
104 38 115 38
104 42 115 42
104 43 115 43
104 72 115 72
104 79 115 79
104 80 115 80
104 81 115 81
104 82 115 82
104 91 115 91
104 92 115 92
104 95 115 95
104 96 115 96
104 97 115 97
104 101 115 101
104 105 115 105
104 119 115 119
104 132 115 132
104 146 115 146
104 149 115 149
104 151 115 151
104 154 115 154
104 196 115 196
104 197 115 197
104 198 115 198
104 240 115 240
105 30 116 30
105 33 116 33
105 39 116 39
105 40 116 40
105 44 116 44
105 98 116 98
105 130 116 130
105 137 116 137
105 138 116 138
105 143 116 143
105 153 116 153
105 182 116 182
105 183 116 183
105 184 116 184
105 186 116 186
105 190 110 191
105 202 116 202
105 219 116 219
105 231 116 231
106 22 117 22
106 23 117 23
106 58 117 58
106 59 117 59
106 67 117 67
106 73 117 73
106 99 117 99
106 139 117 139
106 140 117 140
106 155 111 156
106 187 117 187
106 188 117 188
106 189 117 189
106 194 117 194
106 200 117 200
106 220 117 220
106 226 117 226
106 227 117 227
106 232 111 233
106 245 117 245
107 10 118 10
107 46 118 46
107 56 118 56
107 110 118 110
107 111 118 111
107 118 118 118
107 178 118 178
107 195 118 195
107 210 118 210
107 211 118 211
107 214 118 214
107 216 118 216
107 243 118 243
108 15 119 15
108 25 119 25
108 45 119 45
108 60 113 61
108 62 113 63
108 65 119 65
108 69 119 69
108 93 113 94
108 107 119 107
108 123 119 123
108 126 113 127
108 135 119 135
108 144 119 144
108 159 119 159
108 160 119 160
108 161 119 161
108 174 119 174
108 175 119 175
108 176 119 176
108 203 119 203
108 213 119 213
108 224 119 224
108 244 119 244
108 249 119 249
109 13 120 13
109 18 120 18
109 19 120 19
109 20 120 20
109 47 120 47
109 48 120 48
109 64 120 64
109 70 114 71
109 74 120 74
109 124 120 124
109 134 120 134
109 162 120 162
109 165 120 165
109 166 120 166
109 168 120 168
109 169 120 169
109 171 120 171
109 172 120 172
109 225 120 225
109 238 120 238
110 7 121 7
110 8 121 8
110 24 121 24
110 26 121 26
110 27 121 27
110 29 121 29
110 49 121 49
110 50 121 50
110 57 121 57
110 86 121 86
110 87 121 87
110 88 121 88
110 102 121 102
110 116 121 116
110 145 121 145
110 148 121 148
110 150 121 150
110 201 121 201
110 228 121 228
111 3 122 3
111 31 122 31
111 32 122 32
111 34 122 34
111 35 122 35
111 36 122 36
111 37 122 37
111 55 122 55
111 77 122 77
111 78 122 78
111 89 122 89
111 103 122 103
111 106 122 106
111 128 122 128
111 131 122 131
111 133 122 133
111 136 122 136
111 180 122 180
111 181 122 181
111 185 122 185
111 190 122 190
111 191 122 191
111 234 116 235
111 239 122 239
112 2 123 2
112 51 123 51
112 75 123 75
112 129 123 129
112 147 123 147
112 155 123 155
112 156 123 156
112 157 123 157
112 173 123 173
112 207 123 207
112 232 123 232
112 233 123 233
112 237 123 237
112 247 123 247
113 16 124 16
113 21 124 21
113 112 124 112
113 158 124 158
113 212 124 212
113 246 124 246
114 0 125 0
114 6 125 6
114 14 125 14
114 28 125 28
114 41 125 41
114 60 119 61
114 62 125 62
114 63 125 63
114 66 125 66
114 68 125 68
114 83 125 83
114 84 125 84
114 93 125 93
114 94 125 94
114 108 125 108
114 109 125 109
114 115 125 115
114 125 125 125
114 126 125 126
114 127 125 127
114 141 125 141
114 192 125 192
114 193 125 193
114 199 125 199
114 204 125 204
114 205 125 205
114 206 125 206
114 208 125 208
114 209 125 209
114 217 125 217
114 221 125 221
114 222 125 222
114 241 125 241
114 242 125 242
114 248 125 248
115 9 126 9
115 52 126 52
115 53 126 53
115 71 126 71
115 76 126 76
115 85 126 85
115 100 126 100
115 104 126 104
115 113 126 113
115 114 126 114
115 117 126 117
115 120 126 120
115 142 126 142
115 152 126 152
115 163 126 163
115 164 126 164
115 167 126 167
115 170 126 170
115 179 126 179
115 218 126 218
115 223 126 223
115 229 126 229
115 230 126 230
115 236 126 236
116 4 127 4
116 5 127 5
116 11 127 11
116 17 127 17
116 38 127 38
116 42 127 42
116 43 127 43
116 72 127 72
116 79 119 81
116 90 121 91
116 92 127 92
116 95 127 95
116 96 127 96
116 97 127 97
116 101 127 101
116 105 127 105
116 119 127 119
116 121 121 122
116 132 127 132
116 146 127 146
116 149 127 149
116 151 127 151
116 154 127 154
116 177 127 177
116 196 127 196
116 197 127 197
116 198 127 198
116 215 127 215
117 30 128 30
117 33 128 33
117 39 128 39
117 40 128 40
117 44 128 44
117 82 128 82
117 98 128 98
117 130 128 130
117 137 128 137
117 138 128 138
117 143 128 143
117 153 128 153
117 182 128 182
117 183 128 183
117 219 128 219
117 231 128 231
117 234 128 234
117 235 128 235
117 240 128 240
118 54 129 54
118 58 129 58
118 59 129 59
118 67 129 67
118 99 129 99
118 139 129 139
118 140 129 140
118 186 129 186
118 187 129 187
118 188 129 188
118 189 129 189
118 194 129 194
118 200 129 200
118 220 129 220
118 226 129 226
118 227 129 227
118 245 129 245
119 1 130 1
119 10 130 10
119 46 130 46
119 56 130 56
119 110 130 110
119 118 130 118
119 178 130 178
119 195 130 195
119 202 130 202
119 210 130 210
119 211 130 211
119 214 130 214
119 216 130 216
119 243 130 243
120 15 131 15
120 23 131 23
120 25 131 25
120 45 131 45
120 60 131 60
120 61 131 61
120 65 131 65
120 69 131 69
120 79 131 79
120 80 131 80
120 81 131 81
120 107 131 107
120 111 131 111
120 123 131 123
120 135 131 135
120 144 131 144
120 159 131 159
120 160 131 160
120 161 131 161
120 174 131 174
120 175 131 175
120 176 131 176
120 203 131 203
120 213 131 213
120 224 131 224
120 244 131 244
120 249 131 249
121 12 126 13
121 18 132 18
121 19 132 19
121 20 132 20
121 47 132 47
121 48 132 48
121 64 132 64
121 73 126 74
121 124 132 124
121 134 132 134
121 162 132 162
121 165 132 165
121 168 132 168
121 171 132 171
121 225 132 225
121 238 132 238
122 7 133 7
122 8 133 8
122 24 133 24
122 26 133 26
122 27 133 27
122 29 133 29
122 49 133 49
122 50 133 50
122 57 133 57
122 70 133 70
122 86 133 86
122 87 133 87
122 88 133 88
122 90 133 90
122 91 133 91
122 102 133 102
122 116 133 116
122 121 133 121
122 122 133 122
122 145 133 145
122 148 133 148
122 150 133 150
122 201 133 201
122 228 133 228
123 3 134 3
123 31 134 31
123 32 134 32
123 34 134 34
123 35 126 37
123 55 134 55
123 78 134 78
123 89 134 89
123 103 134 103
123 106 134 106
123 131 134 131
123 133 134 133
123 136 134 136
123 172 134 172
123 180 134 180
123 181 134 181
123 184 128 185
123 190 134 190
123 191 134 191
123 239 134 239
124 2 135 2
124 22 135 22
124 51 135 51
124 75 135 75
124 128 135 128
124 129 135 129
124 147 135 147
124 155 135 155
124 156 135 156
124 157 135 157
124 169 135 169
124 173 135 173
124 207 135 207
124 232 135 232
124 233 135 233
124 237 135 237
124 247 135 247
125 16 136 16
125 21 136 21
125 112 136 112
125 158 136 158
125 166 136 166
125 212 136 212
126 0 137 0
126 14 137 14
126 28 137 28
126 41 137 41
126 62 137 62
126 63 137 63
126 83 137 83
126 84 137 84
126 93 137 93
126 108 137 108
126 109 137 109
126 115 137 115
126 125 137 125
126 126 137 126
126 127 137 127
126 141 137 141
126 192 137 192
126 193 137 193
126 199 137 199
126 204 137 204
126 205 137 205
126 206 137 206
126 208 137 208
126 209 137 209
126 217 137 217
126 221 137 221
126 241 137 241
126 246 137 246
126 248 137 248
127 9 138 9
127 13 138 13
127 35 138 35
127 36 138 36
127 37 138 37
127 52 138 52
127 53 138 53
127 71 138 71
127 74 138 74
127 76 138 76
127 85 138 85
127 94 138 94
127 100 138 100
127 104 138 104
127 113 138 113
127 114 138 114
127 117 138 117
127 120 138 120
127 142 138 142
127 152 138 152
127 163 132 164
127 167 138 167
127 170 138 170
127 179 138 179
127 218 138 218
127 222 132 223
127 229 138 229
127 230 138 230
127 236 138 236
127 242 138 242
128 4 139 4
128 5 139 5
128 11 139 11
128 38 139 38
128 42 139 42
128 43 139 43
128 72 139 72
128 92 139 92
128 95 139 95
128 96 139 96
128 97 139 97
128 101 139 101
128 105 139 105
128 119 139 119
128 132 139 132
128 146 139 146
128 149 139 149
128 151 139 151
128 154 139 154
128 177 139 177
128 196 139 196
128 197 139 197
128 198 139 198
128 215 139 215
129 39 140 39
129 44 140 44
129 73 140 73
129 82 140 82
129 98 140 98
129 130 140 130
129 137 140 137
129 138 140 138
129 143 140 143
129 153 140 153
129 182 140 182
129 183 140 183
129 184 140 184
129 185 140 185
129 219 140 219
129 234 140 234
129 235 140 235
129 240 140 240
130 6 141 6
130 40 141 40
130 54 141 54
130 58 135 59
130 66 141 66
130 67 141 67
130 68 141 68
130 99 141 99
130 139 141 139
130 140 141 140
130 186 141 186
130 187 141 187
130 188 141 188
130 189 141 189
130 194 141 194
130 200 141 200
130 220 141 220
130 226 141 226
130 227 141 227
130 231 141 231
130 245 141 245
131 1 142 1
131 10 142 10
131 17 142 17
131 30 142 30
131 46 142 46
131 56 142 56
131 118 142 118
131 178 142 178
131 195 142 195
131 202 142 202
131 210 142 210
131 211 142 211
131 214 142 214
131 216 142 216
131 243 142 243
132 15 143 15
132 23 143 23
132 25 143 25
132 45 143 45
132 60 143 60
132 61 143 61
132 65 143 65
132 69 143 69
132 79 143 79
132 80 143 80
132 107 143 107
132 135 143 135
132 144 143 144
132 159 143 159
132 160 143 160
132 161 143 161
132 174 137 175
132 176 143 176
132 203 143 203
132 213 143 213
132 224 143 224
132 244 143 244
132 249 143 249
133 12 144 12
133 18 144 18
133 19 144 19
133 20 144 20
133 47 138 48
133 64 144 64
133 123 144 123
133 162 144 162
133 163 144 163
133 164 144 164
133 165 144 165
133 168 144 168
133 171 144 171
133 225 144 225
133 238 144 238
134 7 145 7
134 8 145 8
134 24 145 24
134 26 145 26
134 27 145 27
134 29 145 29
134 49 145 49
134 50 145 50
134 57 145 57
134 70 145 70
134 77 145 77
134 86 145 86
134 87 145 87
134 88 145 88
134 90 145 90
134 102 145 102
134 110 139 111
134 116 145 116
134 121 145 121
134 122 145 122
134 148 145 148
134 201 145 201
134 222 145 222
134 228 145 228
135 3 146 3
135 31 146 31
135 33 140 34
135 55 146 55
135 78 146 78
135 89 146 89
135 103 146 103
135 106 146 106
135 124 146 124
135 131 146 131
135 133 146 133
135 172 146 172
135 180 146 180
135 181 146 181
135 190 146 190
135 191 146 191
135 239 146 239
136 2 147 2
136 22 147 22
136 51 147 51
136 58 147 58
136 59 147 59
136 75 147 75
136 128 147 128
136 129 147 129
136 136 147 136
136 147 147 147
136 173 147 173
136 232 147 232
136 233 147 233
136 247 147 247
137 16 148 16
137 21 148 21
137 112 148 112
137 134 148 134
137 157 142 158
137 166 148 166
137 212 148 212
137 223 148 223
138 0 149 0
138 14 149 14
138 32 149 32
138 41 149 41
138 62 149 62
138 63 149 63
138 83 149 83
138 84 149 84
138 93 149 93
138 108 143 109
138 125 149 125
138 126 143 127
138 141 149 141
138 175 149 175
138 192 149 192
138 193 149 193
138 199 149 199
138 204 149 204
138 205 149 205
138 206 149 206
138 207 143 208
138 209 149 209
138 217 149 217
138 221 149 221
138 237 149 237
138 241 149 241
138 246 149 246
138 248 149 248
139 9 150 9
139 13 150 13
139 35 144 36
139 37 150 37
139 47 150 47
139 48 150 48
139 52 150 52
139 53 150 53
139 74 150 74
139 85 150 85
139 94 150 94
139 100 150 100
139 104 150 104
139 113 150 113
139 114 150 114
139 115 150 115
139 117 150 117
139 120 150 120
139 142 150 142
139 145 150 145
139 152 150 152
139 167 150 167
139 169 144 170
139 179 150 179
139 218 150 218
139 229 150 229
139 230 150 230
139 236 150 236
139 242 150 242
140 4 151 4
140 11 151 11
140 38 151 38
140 42 151 42
140 43 151 43
140 72 151 72
140 92 151 92
140 95 151 95
140 96 145 97
140 101 151 101
140 105 151 105
140 119 151 119
140 132 151 132
140 146 151 146
140 149 145 150
140 151 151 151
140 154 151 154
140 155 151 155
140 177 151 177
140 196 151 196
140 197 145 198
140 215 151 215
141 5 152 5
141 34 152 34
141 39 152 39
141 44 152 44
141 76 152 76
141 82 152 82
141 111 152 111
141 130 152 130
141 137 152 137
141 138 152 138
141 143 152 143
141 153 152 153
141 182 152 182
141 183 152 183
141 184 152 184
141 185 152 185
141 219 152 219
141 234 152 234
141 235 152 235
142 6 153 6
142 33 153 33
142 40 153 40
142 54 153 54
142 66 153 66
142 67 153 67
142 68 153 68
142 81 153 81
142 91 153 91
142 98 153 98
142 99 153 99
142 139 153 139
142 140 153 140
142 174 153 174
142 186 153 186
142 187 153 187
142 188 153 188
142 194 153 194
142 200 153 200
142 220 153 220
142 226 153 226
142 227 153 227
143 1 154 1
143 10 154 10
143 17 154 17
143 28 154 28
143 30 154 30
143 56 154 56
143 73 154 73
143 118 154 118
143 157 154 157
143 178 154 178
143 189 154 189
143 195 154 195
143 202 154 202
143 210 154 210
143 211 154 211
143 214 154 214
143 216 154 216
143 240 154 240
144 15 155 15
144 23 155 23
144 25 155 25
144 45 155 45
144 60 155 60
144 61 155 61
144 65 155 65
144 79 155 79
144 80 155 80
144 107 155 107
144 108 155 108
144 109 155 109
144 126 155 126
144 127 155 127
144 135 155 135
144 144 155 144
144 158 155 158
144 159 155 159
144 160 155 160
144 161 155 161
144 176 155 176
144 203 155 203
144 207 155 207
144 208 155 208
144 224 155 224
144 245 155 245
144 249 155 249
145 12 156 12
145 18 156 18
145 19 156 19
145 20 156 20
145 35 150 36
145 46 156 46
145 64 156 64
145 69 156 69
145 123 156 123
145 162 156 162
145 163 156 163
145 164 156 164
145 165 156 165
145 168 156 168
145 169 156 169
145 171 156 171
145 225 156 225
145 238 156 238
146 7 157 7
146 24 157 24
146 26 157 26
146 27 157 27
146 29 157 29
146 49 151 50
146 57 157 57
146 70 157 70
146 71 157 71
146 77 157 77
146 86 157 86
146 87 157 87
146 88 157 88
146 96 157 96
146 97 157 97
146 102 157 102
146 116 157 116
146 121 157 121
146 122 157 122
146 148 157 148
146 149 157 149
146 150 157 150
146 197 151 198
146 201 157 201
146 222 157 222
146 228 157 228
146 243 157 243
147 3 158 3
147 31 158 31
147 55 158 55
147 78 158 78
147 89 158 89
147 90 158 90
147 103 158 103
147 106 158 106
147 124 158 124
147 131 158 131
147 133 158 133
147 172 158 172
147 180 158 180
147 190 152 191
148 2 159 2
148 8 159 8
148 22 159 22
148 58 159 58
148 59 159 59
148 75 159 75
148 110 159 110
148 128 159 128
148 129 159 129
148 136 159 136
148 147 159 147
148 173 159 173
148 231 159 231
148 232 159 232
148 233 159 233
148 247 159 247
149 16 160 16
149 21 160 21
149 112 160 112
149 134 160 134
149 156 160 156
149 166 160 166
149 170 160 170
149 212 160 212
149 239 160 239
150 0 161 0
150 14 161 14
150 32 161 32
150 51 161 51
150 62 161 62
150 63 161 63
150 83 161 83
150 84 161 84
150 93 161 93
150 125 161 125
150 141 161 141
150 175 161 175
150 192 161 192
150 193 161 193
150 199 161 199
150 204 161 204
150 205 161 205
150 206 161 206
150 209 161 209
150 221 161 221
150 237 161 237
150 241 161 241
150 244 161 244
150 246 161 246
150 248 161 248
151 9 162 9
151 13 162 13
151 35 162 35
151 36 162 36
151 37 162 37
151 47 162 47
151 48 162 48
151 52 162 52
151 53 162 53
151 74 162 74
151 85 162 85
151 94 162 94
151 100 162 100
151 104 162 104
151 113 162 113
151 114 162 114
151 115 162 115
151 117 162 117
151 120 162 120
151 142 162 142
151 145 162 145
151 152 162 152
151 167 162 167
151 179 162 179
151 213 162 213
151 217 162 217
151 218 162 218
151 229 162 229
151 230 162 230
151 236 162 236
152 4 163 4
152 11 163 11
152 38 163 38
152 41 155 43
152 49 163 49
152 50 163 50
152 72 163 72
152 92 163 92
152 95 163 95
152 101 163 101
152 105 163 105
152 119 163 119
152 132 163 132
152 146 163 146
152 151 163 151
152 154 163 154
152 155 163 155
152 177 163 177
152 181 163 181
152 196 163 196
152 197 163 197
152 198 163 198
152 215 163 215
153 5 164 5
153 34 164 34
153 39 164 39
153 44 164 44
153 76 164 76
153 82 164 82
153 111 164 111
153 130 164 130
153 137 164 137
153 138 164 138
153 143 164 143
153 153 164 153
153 182 164 182
153 183 164 183
153 184 158 185
153 190 164 190
153 191 164 191
153 219 164 219
153 234 164 234
153 235 164 235
153 242 164 242
154 6 165 6
154 33 165 33
154 40 165 40
154 54 165 54
154 66 165 66
154 67 165 67
154 68 165 68
154 81 165 81
154 91 165 91
154 98 165 98
154 99 165 99
154 139 165 139
154 140 165 140
154 174 165 174
154 186 157 188
154 194 165 194
154 200 165 200
154 220 165 220
154 223 165 223
154 226 165 226
154 227 165 227
155 1 166 1
155 10 166 10
155 17 166 17
155 30 166 30
155 56 166 56
155 73 166 73
155 157 166 157
155 178 166 178
155 189 166 189
155 195 166 195
155 202 166 202
155 210 166 210
155 211 166 211
155 214 166 214
155 216 166 216
155 240 166 240
156 15 167 15
156 23 167 23
156 25 167 25
156 41 167 41
156 42 161 43
156 45 167 45
156 60 167 60
156 61 167 61
156 65 167 65
156 79 167 79
156 80 167 80
156 107 167 107
156 108 167 108
156 109 167 109
156 126 167 126
156 127 167 127
156 144 167 144
156 158 158 161
156 176 167 176
156 203 167 203
156 207 167 207
156 208 167 208
156 224 167 224
156 245 167 245
156 249 167 249
157 12 168 12
157 18 168 18
157 19 168 19
157 46 168 46
157 64 168 64
157 69 168 69
157 118 168 118
157 162 168 162
157 163 168 163
157 164 162 165
157 168 168 168
157 169 168 169
157 171 168 171
157 225 168 225
157 238 168 238
158 7 169 7
158 24 169 24
158 26 169 26
158 27 169 27
158 28 163 29
158 57 169 57
158 70 163 71
158 77 169 77
158 86 163 87
158 88 169 88
158 96 169 96
158 97 169 97
158 102 169 102
158 116 169 116
158 121 169 121
158 122 169 122
158 135 169 135
158 148 169 148
158 149 169 149
158 150 169 150
158 187 169 187
158 188 169 188
158 222 169 222
158 228 169 228
158 243 169 243
159 3 170 3
159 31 170 31
159 55 170 55
159 89 170 89
159 103 170 103
159 106 170 106
159 123 164 124
159 131 170 131
159 133 170 133
159 158 170 158
159 159 170 159
159 160 170 160
159 161 170 161
159 172 170 172
159 184 170 184
159 185 170 185
159 186 170 186
160 2 171 2
160 8 171 8
160 22 171 22
160 58 171 58
160 75 171 75
160 110 171 110
160 128 171 128
160 129 171 129
160 147 171 147
160 231 171 231
160 232 171 232
160 233 171 233
160 247 171 247
161 16 172 16
161 20 166 21
161 78 172 78
161 112 172 112
161 134 172 134
161 156 172 156
161 166 172 166
161 170 172 170
161 239 172 239
162 42 173 42
162 51 173 51
162 59 173 59
162 62 173 62
162 63 173 63
162 83 173 83
162 84 173 84
162 90 173 90
162 93 173 93
162 125 173 125
162 175 173 175
162 192 167 193
162 199 173 199
162 204 173 204
162 205 173 205
162 206 173 206
162 221 173 221
162 237 173 237
162 241 173 241
162 244 173 244
162 246 173 246
162 248 173 248
163 0 174 0
163 9 174 9
163 13 174 13
163 35 174 35
163 36 174 36
163 37 174 37
163 43 174 43
163 47 174 47
163 48 174 48
163 52 174 52
163 53 174 53
163 74 174 74
163 85 174 85
163 94 174 94
163 100 174 100
163 104 174 104
163 113 174 113
163 114 174 114
163 115 174 115
163 120 174 120
163 141 174 141
163 142 174 142
163 145 174 145
163 164 174 164
163 167 174 167
163 179 174 179
163 209 174 209
163 213 174 213
163 217 174 217
163 218 174 218
163 229 174 229
163 230 174 230
163 236 174 236
164 4 175 4
164 28 175 28
164 29 175 29
164 38 175 38
164 49 175 49
164 50 175 50
164 70 169 71
164 72 175 72
164 86 175 86
164 87 175 87
164 92 175 92
164 95 175 95
164 101 175 101
164 105 175 105
164 132 175 132
164 146 175 146
164 151 175 151
164 152 175 152
164 154 169 155
164 165 175 165
164 177 175 177
164 180 175 180
164 181 175 181
164 196 169 197
164 215 175 215
165 11 176 11
165 34 176 34
165 44 176 44
165 76 176 76
165 82 176 82
165 111 176 111
165 119 176 119
165 123 170 124
165 130 176 130
165 136 176 136
165 137 176 137
165 138 176 138
165 143 176 143
165 153 176 153
165 173 176 173
165 182 176 182
165 183 176 183
165 190 176 190
165 191 176 191
165 198 176 198
165 201 176 201
165 219 176 219
165 234 176 234
165 235 176 235
165 242 176 242
166 5 171 6
166 39 177 39
166 40 177 40
166 54 177 54
166 66 177 66
166 67 171 68
166 81 177 81
166 91 177 91
166 98 177 98
166 99 177 99
166 139 177 139
166 174 177 174
166 194 177 194
166 200 177 200
166 212 177 212
166 220 177 220
166 223 177 223
166 226 177 226
167 1 178 1
167 10 178 10
167 20 172 21
167 30 178 30
167 56 178 56
167 73 178 73
167 157 178 157
167 189 178 189
167 195 178 195
167 202 178 202
167 210 172 211
167 214 178 214
167 216 178 216
167 227 178 227
167 240 178 240
168 15 179 15
168 23 179 23
168 25 179 25
168 32 179 32
168 45 179 45
168 60 179 60
168 61 179 61
168 79 179 79
168 80 179 80
168 107 179 107
168 108 179 108
168 126 179 126
168 127 179 127
168 176 179 176
168 178 179 178
168 192 173 193
168 203 179 203
168 207 179 207
168 224 179 224
168 249 179 249
169 12 180 12
169 17 172 19
169 41 180 41
169 46 180 46
169 64 180 64
169 69 180 69
169 117 180 117
169 118 180 118
169 144 180 144
169 162 180 162
169 163 180 163
169 168 180 168
169 171 180 171
169 225 180 225
169 238 180 238
170 7 181 7
170 24 181 24
170 27 181 27
170 57 181 57
170 65 181 65
170 70 181 70
170 71 181 71
170 77 181 77
170 88 181 88
170 96 181 96
170 97 181 97
170 102 181 102
170 116 181 116
170 121 181 121
170 135 181 135
170 148 181 148
170 149 181 149
170 150 181 150
170 154 175 155
170 169 181 169
170 187 181 187
170 196 181 196
170 222 181 222
170 228 181 228
170 243 181 243
171 3 182 3
171 14 182 14
171 31 182 31
171 55 182 55
171 89 182 89
171 106 182 106
171 122 182 122
171 123 182 123
171 124 182 124
171 131 182 131
171 133 182 133
171 158 174 160
171 172 182 172
171 184 182 184
171 185 182 185
171 186 182 186
171 208 182 208
171 245 182 245
172 2 183 2
172 5 177 6
172 8 183 8
172 26 183 26
172 58 183 58
172 68 183 68
172 75 183 75
172 109 183 109
172 128 183 128
172 129 183 129
172 147 183 147
172 161 183 161
172 231 183 231
172 232 183 232
172 233 183 233
172 247 183 247
173 16 184 16
173 17 178 18
173 19 184 19
173 20 184 20
173 21 184 21
173 103 184 103
173 110 184 110
173 112 184 112
173 134 184 134
173 156 184 156
173 166 184 166
173 188 184 188
173 211 184 211
173 239 184 239
174 33 185 33
174 42 185 42
174 51 185 51
174 59 185 59
174 62 185 62
174 63 185 63
174 78 185 78
174 83 185 83
174 90 185 90
174 93 185 93
174 125 185 125
174 192 185 192
174 193 185 193
174 199 185 199
174 204 185 204
174 205 185 205
174 206 185 206
174 221 185 221
174 237 185 237
174 246 185 246
174 248 185 248
175 9 186 9
175 13 186 13
175 35 186 35
175 36 186 36
175 43 186 43
175 47 186 47
175 52 180 53
175 74 186 74
175 84 180 85
175 94 186 94
175 100 186 100
175 104 186 104
175 113 186 113
175 114 186 114
175 115 186 115
175 120 186 120
175 141 186 141
175 142 186 142
175 145 186 145
175 158 180 159
175 160 186 160
175 164 186 164
175 167 186 167
175 179 186 179
175 209 186 209
175 210 186 210
175 213 186 213
175 217 186 217
175 218 186 218
175 229 186 229
175 230 186 230
175 236 186 236
176 0 187 0
176 4 187 4
176 28 181 29
176 37 181 38
176 48 187 48
176 50 187 50
176 86 187 86
176 92 187 92
176 95 187 95
176 101 187 101
176 105 187 105
176 146 187 146
176 151 187 151
176 152 187 152
176 154 187 154
176 155 187 155
176 165 187 165
176 177 187 177
176 180 187 180
176 181 187 181
176 215 187 215
177 11 188 11
177 34 188 34
177 44 188 44
177 49 188 49
177 72 188 72
177 76 188 76
177 82 188 82
177 87 188 87
177 111 188 111
177 119 188 119
177 130 188 130
177 136 188 136
177 137 188 137
177 143 188 143
177 173 188 173
177 182 188 182
177 183 188 183
177 190 188 190
177 191 188 191
177 197 182 198
177 201 188 201
177 219 188 219
177 234 188 234
177 235 188 235
177 241 182 242
178 5 189 5
178 6 189 6
178 39 189 39
178 40 189 40
178 54 189 54
178 66 189 66
178 81 189 81
178 91 189 91
178 98 189 98
178 99 189 99
178 138 189 138
178 139 189 139
178 153 189 153
178 174 189 174
178 194 189 194
178 200 189 200
178 212 189 212
178 220 189 220
178 223 189 223
179 10 190 10
179 17 184 18
179 22 190 22
179 30 190 30
179 56 190 56
179 73 190 73
179 157 190 157
179 189 190 189
179 195 190 195
179 202 190 202
179 214 190 214
179 216 190 216
179 227 190 227
179 240 190 240
180 15 191 15
180 23 191 23
180 32 191 32
180 45 191 45
180 60 185 61
180 67 191 67
180 79 191 79
180 80 191 80
180 107 185 108
180 126 191 126
180 127 191 127
180 170 191 170
180 176 191 176
180 178 191 178
180 203 191 203
180 207 191 207
180 224 191 224
180 249 191 249
181 12 192 12
181 25 192 25
181 41 192 41
181 46 192 46
181 52 186 53
181 64 192 64
181 69 192 69
181 84 192 84
181 85 192 85
181 117 192 117
181 140 192 140
181 158 186 159
181 162 192 162
181 163 192 163
181 168 192 168
181 171 192 171
181 238 192 238
181 244 192 244
182 7 193 7
182 27 193 27
182 28 187 29
182 37 193 37
182 57 193 57
182 70 187 71
182 77 193 77
182 88 193 88
182 96 193 96
182 97 193 97
182 102 193 102
182 116 193 116
182 121 193 121
182 135 193 135
182 144 193 144
182 149 187 150
182 169 193 169
182 175 193 175
182 187 193 187
182 196 193 196
182 222 193 222
182 243 193 243
183 3 194 3
183 14 194 14
183 31 194 31
183 38 194 38
183 55 194 55
183 89 194 89
183 106 194 106
183 118 194 118
183 122 194 122
183 123 194 123
183 124 194 124
183 131 194 131
183 132 194 132
183 148 194 148
183 172 194 172
183 184 194 184
183 185 194 185
183 186 194 186
183 197 194 197
183 198 194 198
183 208 194 208
183 241 194 241
183 242 194 242
183 245 194 245
184 8 195 8
184 58 195 58
184 109 195 109
184 128 195 128
184 129 195 129
184 133 195 133
184 147 195 147
184 161 195 161
184 231 195 231
184 232 195 232
184 233 195 233
184 247 195 247
185 16 196 16
185 17 196 17
185 18 190 19
185 20 196 20
185 21 196 21
185 75 196 75
185 103 196 103
185 112 196 112
185 134 196 134
185 156 196 156
185 188 196 188
185 211 196 211
185 225 196 225
185 226 196 226
185 239 196 239
186 33 197 33
186 42 197 42
186 51 197 51
186 59 197 59
186 60 197 60
186 61 197 61
186 62 197 62
186 63 197 63
186 78 197 78
186 83 197 83
186 90 197 90
186 93 197 93
186 107 197 107
186 108 197 108
186 110 197 110
186 125 197 125
186 192 197 192
186 193 197 193
186 204 197 204
186 205 197 205
186 206 197 206
186 221 197 221
186 237 197 237
186 246 197 246
186 248 197 248
187 9 198 9
187 13 198 13
187 26 198 26
187 35 198 35
187 43 198 43
187 47 198 47
187 52 198 52
187 53 198 53
187 94 198 94
187 113 198 113
187 114 198 114
187 115 198 115
187 141 192 142
187 145 198 145
187 158 198 158
187 159 198 159
187 164 198 164
187 179 198 179
187 209 198 209
187 210 198 210
187 213 198 213
187 217 198 217
187 228 198 228
187 230 198 230
187 236 198 236
188 0 199 0
188 2 199 2
188 4 199 4
188 28 199 28
188 29 199 29
188 48 199 48
188 50 199 50
188 70 199 70
188 71 199 71
188 86 199 86
188 92 199 92
188 95 199 95
188 100 193 101
188 105 199 105
188 120 199 120
188 146 199 146
188 149 199 149
188 150 199 150
188 151 199 151
188 152 199 152
188 154 199 154
188 165 199 165
188 177 199 177
188 180 199 180
188 181 199 181
188 215 199 215
189 11 199 11
189 34 199 34
189 44 199 44
189 49 199 49
189 72 199 72
189 76 199 76
189 82 199 82
189 87 199 87
189 119 199 119
189 130 199 130
189 136 194 137
189 143 199 143
189 173 199 173
189 182 194 183
189 201 199 201
189 218 194 219
189 234 194 235
190 39 195 40
190 54 199 54
190 66 199 66
190 81 199 81
190 91 199 91
190 98 195 99
190 138 195 139
190 153 199 153
190 174 199 174
190 199 195 200
190 220 199 220
190 223 199 223
191 5 196 6
191 10 199 10
191 18 196 19
191 22 199 22
191 56 199 56
191 73 196 74
191 189 196 190
191 194 196 195
191 202 199 202
191 214 199 214
191 216 199 216
191 240 199 240
192 23 197 24
192 32 199 32
192 67 197 68
192 79 199 79
192 170 199 170
192 178 199 178
192 207 199 207
192 224 199 224
193 64 198 65
193 140 198 141
193 167 198 168
194 36 199 37
194 84 199 85
194 96 199 97
194 100 199 101
194 175 199 176
194 243 199 244
195 14 199 15
195 30 199 31
195 131 199 132
195 135 198 137
195 171 199 172
195 182 196 187
195 196 198 198
195 241 199 242
196 7 199 8
196 38 199 40
196 121 199 123
196 126 199 128
196 138 199 139
196 160 198 163
196 231 199 233
197 17 199 20
197 73 199 75
197 102 199 104
197 182 198 187
197 188 199 191
197 225 199 227
198 57 199 62
198 106 199 111
198 203 199 206
199 192 199 200